<?xml version="1.0" encoding="UTF-8"?>
<testsuite name="com.erin.ChapterTwoTest" tests="1" skipped="0" failures="0" errors="0" timestamp="2016-04-30T21:42:43" hostname="Erins-MacBook-Pro.local" time="0.009">
  <properties/>
  <testcase name="isPalindromeTest" classname="com.erin.ChapterTwoTest" time="0.009"/>
  <system-out><![CDATA[]]></system-out>
  <system-err><![CDATA[]]></system-err>
</testsuite>
