<?xml version="1.0" encoding="UTF-8"?>
<testsuite name="com.erin.ChapterOneTest" tests="1" skipped="0" failures="0" errors="0" timestamp="2016-04-25T16:51:10" hostname="Erins-MacBook-Pro.local" time="0.038">
  <properties/>
  <testcase name="setZeros2Test" classname="com.erin.ChapterOneTest" time="0.038"/>
  <system-out><![CDATA[00000
01110
01110
01110
00000
]]></system-out>
  <system-err><![CDATA[]]></system-err>
</testsuite>
